0 info it worked if it ends with ok
1 verbose cli [ '/usr/bin/node',
1 verbose cli   '/usr/bin/npm',
1 verbose cli   'install',
1 verbose cli   '--ignore-scripts',
1 verbose cli   '@types/express',
1 verbose cli   '--save-dev',
1 verbose cli   '--user-agent=typesInstaller/4.7.3' ]
2 info using npm@3.5.2
3 info using node@v8.10.0
4 silly loadCurrentTree Starting
5 silly install loadCurrentTree
6 silly install readLocalPackageData
7 silly fetchPackageMetaData @types/express
8 silly fetchNamedPackageData @types/express
9 silly mapToRegistry name @types/express
10 silly mapToRegistry scope (from package name) @types
11 verbose mapToRegistry no registry URL found in name for scope @types
12 silly mapToRegistry using default registry
13 silly mapToRegistry registry https://registry.npmjs.org/
14 silly mapToRegistry uri https://registry.npmjs.org/@types%2fexpress
15 verbose request uri https://registry.npmjs.org/@types%2fexpress
16 verbose request no auth needed
17 info attempt registry request try #1 at 8:14:28 AM
18 verbose request using bearer token for auth
19 verbose request id a39bdeabe02309b3
20 verbose etag W/"a073c1a9df3ded2ef2eecc39b31cee8a"
21 verbose lastModified Mon, 13 Jun 2022 01:09:22 GMT
22 http request GET https://registry.npmjs.org/@types%2fexpress
23 http 304 https://registry.npmjs.org/@types%2fexpress
24 verbose headers { date: 'Wed, 10 Aug 2022 12:14:29 GMT',
24 verbose headers   connection: 'keep-alive',
24 verbose headers   'cf-ray': '7388a6cd1f6d5425-YYZ',
24 verbose headers   age: '48',
24 verbose headers   'cache-control': 'public, max-age=300',
24 verbose headers   etag: '"a073c1a9df3ded2ef2eecc39b31cee8a"',
24 verbose headers   'last-modified': 'Mon, 13 Jun 2022 01:09:22 GMT',
24 verbose headers   vary: 'Accept-Encoding',
24 verbose headers   'cf-cache-status': 'HIT',
24 verbose headers   'expect-ct': 'max-age=604800, report-uri="https://report-uri.cloudflare.com/cdn-cgi/beacon/expect-ct"',
24 verbose headers   'x-amz-replication-status': 'COMPLETED',
24 verbose headers   server: 'cloudflare' }
25 silly get cb [ 304,
25 silly get   { date: 'Wed, 10 Aug 2022 12:14:29 GMT',
25 silly get     connection: 'keep-alive',
25 silly get     'cf-ray': '7388a6cd1f6d5425-YYZ',
25 silly get     age: '48',
25 silly get     'cache-control': 'public, max-age=300',
25 silly get     etag: '"a073c1a9df3ded2ef2eecc39b31cee8a"',
25 silly get     'last-modified': 'Mon, 13 Jun 2022 01:09:22 GMT',
25 silly get     vary: 'Accept-Encoding',
25 silly get     'cf-cache-status': 'HIT',
25 silly get     'expect-ct': 'max-age=604800, report-uri="https://report-uri.cloudflare.com/cdn-cgi/beacon/expect-ct"',
25 silly get     'x-amz-replication-status': 'COMPLETED',
25 silly get     server: 'cloudflare' } ]
26 verbose etag https://registry.npmjs.org/@types%2fexpress from cache
27 verbose get saving @types/express to /home/labber/.npm/registry.npmjs.org/_40types_252fexpress/.cache.json
28 silly install normalizeTree
29 silly loadCurrentTree Finishing
30 silly loadIdealTree Starting
31 silly install loadIdealTree
32 silly cloneCurrentTree Starting
33 silly install cloneCurrentTreeToIdealTree
34 silly cloneCurrentTree Finishing
35 silly loadShrinkwrap Starting
36 silly install loadShrinkwrap
37 silly loadShrinkwrap Finishing
38 silly loadAllDepsIntoIdealTree Starting
39 silly install loadAllDepsIntoIdealTree
40 silly resolveWithNewModule @types/express@4.17.13 checking installable status
41 silly cache add args [ '@types/express', null ]
42 verbose cache add spec @types/express
43 silly cache add parsed spec Result {
43 silly cache add   raw: '@types/express',
43 silly cache add   scope: '@types',
43 silly cache add   name: '@types/express',
43 silly cache add   rawSpec: '',
43 silly cache add   spec: 'latest',
43 silly cache add   type: 'tag' }
44 silly addNamed @types/express@latest
45 verbose addNamed "latest" is being treated as a dist-tag for @types/express
46 info addNameTag [ '@types/express', 'latest' ]
47 silly mapToRegistry name @types/express
48 silly mapToRegistry scope (from package name) @types
49 verbose mapToRegistry no registry URL found in name for scope @types
50 silly mapToRegistry using default registry
51 silly mapToRegistry registry https://registry.npmjs.org/
52 silly mapToRegistry uri https://registry.npmjs.org/@types%2fexpress
53 verbose addNameTag registry:https://registry.npmjs.org/@types%2fexpress not in flight; fetching
54 verbose get https://registry.npmjs.org/@types%2fexpress not expired, no request
55 silly addNameTag next cb for @types/express with tag latest
56 silly addNamed @types/express@4.17.13
57 verbose addNamed "4.17.13" is a plain semver version for @types/express
58 silly cache afterAdd @types/express@4.17.13
59 verbose afterAdd /home/labber/.npm/@types/express/4.17.13/package/package.json not in flight; writing
60 verbose afterAdd /home/labber/.npm/@types/express/4.17.13/package/package.json written
61 silly fetchNamedPackageData @types/body-parser
62 silly mapToRegistry name @types/body-parser
63 silly mapToRegistry scope (from package name) @types
64 verbose mapToRegistry no registry URL found in name for scope @types
65 silly mapToRegistry using default registry
66 silly mapToRegistry registry https://registry.npmjs.org/
67 silly mapToRegistry uri https://registry.npmjs.org/@types%2fbody-parser
68 silly fetchNamedPackageData @types/express-serve-static-core
69 silly mapToRegistry name @types/express-serve-static-core
70 silly mapToRegistry scope (from package name) @types
71 verbose mapToRegistry no registry URL found in name for scope @types
72 silly mapToRegistry using default registry
73 silly mapToRegistry registry https://registry.npmjs.org/
74 silly mapToRegistry uri https://registry.npmjs.org/@types%2fexpress-serve-static-core
75 silly fetchNamedPackageData @types/qs
76 silly mapToRegistry name @types/qs
77 silly mapToRegistry scope (from package name) @types
78 verbose mapToRegistry no registry URL found in name for scope @types
79 silly mapToRegistry using default registry
80 silly mapToRegistry registry https://registry.npmjs.org/
81 silly mapToRegistry uri https://registry.npmjs.org/@types%2fqs
82 silly fetchNamedPackageData @types/serve-static
83 silly mapToRegistry name @types/serve-static
84 silly mapToRegistry scope (from package name) @types
85 verbose mapToRegistry no registry URL found in name for scope @types
86 silly mapToRegistry using default registry
87 silly mapToRegistry registry https://registry.npmjs.org/
88 silly mapToRegistry uri https://registry.npmjs.org/@types%2fserve-static
89 verbose request uri https://registry.npmjs.org/@types%2fqs
90 verbose request no auth needed
91 info attempt registry request try #1 at 8:14:28 AM
92 verbose request using bearer token for auth
93 verbose etag W/"be2fbe748d7cc3a98b009318ae0c7cee"
94 verbose lastModified Mon, 13 Jun 2022 01:15:05 GMT
95 http request GET https://registry.npmjs.org/@types%2fqs
96 verbose request uri https://registry.npmjs.org/@types%2fbody-parser
97 verbose request no auth needed
98 info attempt registry request try #1 at 8:14:28 AM
99 verbose request using bearer token for auth
100 verbose etag W/"c557ee3a05768db340f31c55d6f7e320"
101 verbose lastModified Mon, 13 Jun 2022 01:07:27 GMT
102 http request GET https://registry.npmjs.org/@types%2fbody-parser
103 verbose request uri https://registry.npmjs.org/@types%2fexpress-serve-static-core
104 verbose request no auth needed
105 info attempt registry request try #1 at 8:14:28 AM
106 verbose request using bearer token for auth
107 verbose etag W/"84473188d18b5592771972bd93c81c32"
108 verbose lastModified Tue, 26 Jul 2022 23:32:30 GMT
109 http request GET https://registry.npmjs.org/@types%2fexpress-serve-static-core
110 verbose request uri https://registry.npmjs.org/@types%2fserve-static
111 verbose request no auth needed
112 info attempt registry request try #1 at 8:14:28 AM
113 verbose request using bearer token for auth
114 verbose etag W/"65b718090bb2202d562ad2d17d6f9dce"
115 verbose lastModified Fri, 29 Jul 2022 22:02:33 GMT
116 http request GET https://registry.npmjs.org/@types%2fserve-static
117 http 304 https://registry.npmjs.org/@types%2fqs
118 verbose headers { date: 'Wed, 10 Aug 2022 12:14:30 GMT',
118 verbose headers   connection: 'keep-alive',
118 verbose headers   'cf-ray': '7388a6ce58f45425-YYZ',
118 verbose headers   age: '240',
118 verbose headers   'cache-control': 'public, max-age=300',
118 verbose headers   etag: '"be2fbe748d7cc3a98b009318ae0c7cee"',
118 verbose headers   'last-modified': 'Mon, 13 Jun 2022 01:15:05 GMT',
118 verbose headers   vary: 'Accept-Encoding',
118 verbose headers   'cf-cache-status': 'HIT',
118 verbose headers   'expect-ct': 'max-age=604800, report-uri="https://report-uri.cloudflare.com/cdn-cgi/beacon/expect-ct"',
118 verbose headers   'x-amz-replication-status': 'COMPLETED',
118 verbose headers   server: 'cloudflare' }
119 silly get cb [ 304,
119 silly get   { date: 'Wed, 10 Aug 2022 12:14:30 GMT',
119 silly get     connection: 'keep-alive',
119 silly get     'cf-ray': '7388a6ce58f45425-YYZ',
119 silly get     age: '240',
119 silly get     'cache-control': 'public, max-age=300',
119 silly get     etag: '"be2fbe748d7cc3a98b009318ae0c7cee"',
119 silly get     'last-modified': 'Mon, 13 Jun 2022 01:15:05 GMT',
119 silly get     vary: 'Accept-Encoding',
119 silly get     'cf-cache-status': 'HIT',
119 silly get     'expect-ct': 'max-age=604800, report-uri="https://report-uri.cloudflare.com/cdn-cgi/beacon/expect-ct"',
119 silly get     'x-amz-replication-status': 'COMPLETED',
119 silly get     server: 'cloudflare' } ]
120 verbose etag https://registry.npmjs.org/@types%2fqs from cache
121 verbose get saving @types/qs to /home/labber/.npm/registry.npmjs.org/_40types_252fqs/.cache.json
122 silly resolveWithNewModule @types/qs@6.9.7 checking installable status
123 silly cache add args [ '@types/qs@*', null ]
124 verbose cache add spec @types/qs@*
125 silly cache add parsed spec Result {
125 silly cache add   raw: '@types/qs@*',
125 silly cache add   scope: '@types',
125 silly cache add   name: '@types/qs',
125 silly cache add   rawSpec: '*',
125 silly cache add   spec: '*',
125 silly cache add   type: 'range' }
126 silly addNamed @types/qs@*
127 verbose addNamed "*" is a valid semver range for @types/qs
128 silly addNameRange { name: '@types/qs', range: '*', hasData: false }
129 silly mapToRegistry name @types/qs
130 silly mapToRegistry scope (from package name) @types
131 verbose mapToRegistry no registry URL found in name for scope @types
132 silly mapToRegistry using default registry
133 silly mapToRegistry registry https://registry.npmjs.org/
134 silly mapToRegistry uri https://registry.npmjs.org/@types%2fqs
135 verbose addNameRange registry:https://registry.npmjs.org/@types%2fqs not in flight; fetching
136 verbose get https://registry.npmjs.org/@types%2fqs not expired, no request
137 silly addNameRange number 2 { name: '@types/qs', range: '*', hasData: true }
138 silly addNameRange versions [ '@types/qs',
138 silly addNameRange   [ '0.0.13-alpha',
138 silly addNameRange     '0.0.14-alpha',
138 silly addNameRange     '0.0.19-alpha',
138 silly addNameRange     '0.0.20-alpha',
138 silly addNameRange     '0.0.21-alpha',
138 silly addNameRange     '0.0.22-alpha',
138 silly addNameRange     '0.0.23-alpha',
138 silly addNameRange     '0.0.24-alpha',
138 silly addNameRange     '0.0.25-alpha',
138 silly addNameRange     '0.0.26',
138 silly addNameRange     '6.2.27',
138 silly addNameRange     '6.2.28',
138 silly addNameRange     '6.2.29',
138 silly addNameRange     '6.2.30',
138 silly addNameRange     '6.2.31',
138 silly addNameRange     '6.4.0',
138 silly addNameRange     '6.5.0',
138 silly addNameRange     '6.5.1',
138 silly addNameRange     '6.5.2',
138 silly addNameRange     '6.5.3',
138 silly addNameRange     '6.9.0',
138 silly addNameRange     '6.9.1',
138 silly addNameRange     '6.9.2',
138 silly addNameRange     '6.9.3',
138 silly addNameRange     '6.9.4',
138 silly addNameRange     '6.9.5',
138 silly addNameRange     '6.9.6',
138 silly addNameRange     '6.9.7' ] ]
139 silly addNamed @types/qs@6.9.7
140 verbose addNamed "6.9.7" is a plain semver version for @types/qs
141 silly cache afterAdd @types/qs@6.9.7
142 verbose afterAdd /home/labber/.npm/@types/qs/6.9.7/package/package.json not in flight; writing
143 verbose afterAdd /home/labber/.npm/@types/qs/6.9.7/package/package.json written
144 http 304 https://registry.npmjs.org/@types%2fexpress-serve-static-core
145 verbose headers { date: 'Wed, 10 Aug 2022 12:14:30 GMT',
145 verbose headers   connection: 'keep-alive',
145 verbose headers   'cf-ray': '7388a6cebfeca1f2-YYZ',
145 verbose headers   age: '248',
145 verbose headers   'cache-control': 'public, max-age=300',
145 verbose headers   etag: '"84473188d18b5592771972bd93c81c32"',
145 verbose headers   'last-modified': 'Tue, 26 Jul 2022 23:32:30 GMT',
145 verbose headers   vary: 'Accept-Encoding',
145 verbose headers   'cf-cache-status': 'HIT',
145 verbose headers   'expect-ct': 'max-age=604800, report-uri="https://report-uri.cloudflare.com/cdn-cgi/beacon/expect-ct"',
145 verbose headers   'x-amz-replication-status': 'COMPLETED',
145 verbose headers   server: 'cloudflare' }
146 silly get cb [ 304,
146 silly get   { date: 'Wed, 10 Aug 2022 12:14:30 GMT',
146 silly get     connection: 'keep-alive',
146 silly get     'cf-ray': '7388a6cebfeca1f2-YYZ',
146 silly get     age: '248',
146 silly get     'cache-control': 'public, max-age=300',
146 silly get     etag: '"84473188d18b5592771972bd93c81c32"',
146 silly get     'last-modified': 'Tue, 26 Jul 2022 23:32:30 GMT',
146 silly get     vary: 'Accept-Encoding',
146 silly get     'cf-cache-status': 'HIT',
146 silly get     'expect-ct': 'max-age=604800, report-uri="https://report-uri.cloudflare.com/cdn-cgi/beacon/expect-ct"',
146 silly get     'x-amz-replication-status': 'COMPLETED',
146 silly get     server: 'cloudflare' } ]
147 verbose etag https://registry.npmjs.org/@types%2fexpress-serve-static-core from cache
148 verbose get saving @types/express-serve-static-core to /home/labber/.npm/registry.npmjs.org/_40types_252fexpress-serve-static-core/.cache.json
149 http 304 https://registry.npmjs.org/@types%2fbody-parser
150 verbose headers { date: 'Wed, 10 Aug 2022 12:14:30 GMT',
150 verbose headers   connection: 'keep-alive',
150 verbose headers   'cf-ray': '7388a6ceb993ab3d-YYZ',
150 verbose headers   age: '73',
150 verbose headers   'cache-control': 'public, max-age=300',
150 verbose headers   etag: '"c557ee3a05768db340f31c55d6f7e320"',
150 verbose headers   'last-modified': 'Mon, 13 Jun 2022 01:07:27 GMT',
150 verbose headers   vary: 'Accept-Encoding',
150 verbose headers   'cf-cache-status': 'HIT',
150 verbose headers   'expect-ct': 'max-age=604800, report-uri="https://report-uri.cloudflare.com/cdn-cgi/beacon/expect-ct"',
150 verbose headers   'x-amz-replication-status': 'COMPLETED',
150 verbose headers   server: 'cloudflare' }
151 silly get cb [ 304,
151 silly get   { date: 'Wed, 10 Aug 2022 12:14:30 GMT',
151 silly get     connection: 'keep-alive',
151 silly get     'cf-ray': '7388a6ceb993ab3d-YYZ',
151 silly get     age: '73',
151 silly get     'cache-control': 'public, max-age=300',
151 silly get     etag: '"c557ee3a05768db340f31c55d6f7e320"',
151 silly get     'last-modified': 'Mon, 13 Jun 2022 01:07:27 GMT',
151 silly get     vary: 'Accept-Encoding',
151 silly get     'cf-cache-status': 'HIT',
151 silly get     'expect-ct': 'max-age=604800, report-uri="https://report-uri.cloudflare.com/cdn-cgi/beacon/expect-ct"',
151 silly get     'x-amz-replication-status': 'COMPLETED',
151 silly get     server: 'cloudflare' } ]
152 verbose etag https://registry.npmjs.org/@types%2fbody-parser from cache
153 verbose get saving @types/body-parser to /home/labber/.npm/registry.npmjs.org/_40types_252fbody-parser/.cache.json
154 http 304 https://registry.npmjs.org/@types%2fserve-static
155 verbose headers { date: 'Wed, 10 Aug 2022 12:14:30 GMT',
155 verbose headers   connection: 'keep-alive',
155 verbose headers   'cf-ray': '7388a6cebac1a217-YYZ',
155 verbose headers   age: '11',
155 verbose headers   'cache-control': 'public, max-age=300',
155 verbose headers   etag: '"65b718090bb2202d562ad2d17d6f9dce"',
155 verbose headers   'last-modified': 'Fri, 29 Jul 2022 22:02:33 GMT',
155 verbose headers   vary: 'Accept-Encoding',
155 verbose headers   'cf-cache-status': 'HIT',
155 verbose headers   'expect-ct': 'max-age=604800, report-uri="https://report-uri.cloudflare.com/cdn-cgi/beacon/expect-ct"',
155 verbose headers   'x-amz-replication-status': 'PENDING',
155 verbose headers   server: 'cloudflare' }
156 silly get cb [ 304,
156 silly get   { date: 'Wed, 10 Aug 2022 12:14:30 GMT',
156 silly get     connection: 'keep-alive',
156 silly get     'cf-ray': '7388a6cebac1a217-YYZ',
156 silly get     age: '11',
156 silly get     'cache-control': 'public, max-age=300',
156 silly get     etag: '"65b718090bb2202d562ad2d17d6f9dce"',
156 silly get     'last-modified': 'Fri, 29 Jul 2022 22:02:33 GMT',
156 silly get     vary: 'Accept-Encoding',
156 silly get     'cf-cache-status': 'HIT',
156 silly get     'expect-ct': 'max-age=604800, report-uri="https://report-uri.cloudflare.com/cdn-cgi/beacon/expect-ct"',
156 silly get     'x-amz-replication-status': 'PENDING',
156 silly get     server: 'cloudflare' } ]
157 verbose etag https://registry.npmjs.org/@types%2fserve-static from cache
158 verbose get saving @types/serve-static to /home/labber/.npm/registry.npmjs.org/_40types_252fserve-static/.cache.json
159 silly resolveWithNewModule @types/express-serve-static-core@4.17.30 checking installable status
160 silly cache add args [ '@types/express-serve-static-core@^4.17.18', null ]
161 verbose cache add spec @types/express-serve-static-core@^4.17.18
162 silly cache add parsed spec Result {
162 silly cache add   raw: '@types/express-serve-static-core@^4.17.18',
162 silly cache add   scope: '@types',
162 silly cache add   name: '@types/express-serve-static-core',
162 silly cache add   rawSpec: '^4.17.18',
162 silly cache add   spec: '>=4.17.18 <5.0.0',
162 silly cache add   type: 'range' }
163 silly addNamed @types/express-serve-static-core@>=4.17.18 <5.0.0
164 verbose addNamed ">=4.17.18 <5.0.0" is a valid semver range for @types/express-serve-static-core
165 silly addNameRange { name: '@types/express-serve-static-core',
165 silly addNameRange   range: '>=4.17.18 <5.0.0',
165 silly addNameRange   hasData: false }
166 silly mapToRegistry name @types/express-serve-static-core
167 silly mapToRegistry scope (from package name) @types
168 verbose mapToRegistry no registry URL found in name for scope @types
169 silly mapToRegistry using default registry
170 silly mapToRegistry registry https://registry.npmjs.org/
171 silly mapToRegistry uri https://registry.npmjs.org/@types%2fexpress-serve-static-core
172 verbose addNameRange registry:https://registry.npmjs.org/@types%2fexpress-serve-static-core not in flight; fetching
173 verbose get https://registry.npmjs.org/@types%2fexpress-serve-static-core not expired, no request
174 silly addNameRange number 2 { name: '@types/express-serve-static-core',
174 silly addNameRange   range: '>=4.17.18 <5.0.0',
174 silly addNameRange   hasData: true }
175 silly addNameRange versions [ '@types/express-serve-static-core',
175 silly addNameRange   [ '4.0.15-alpha',
175 silly addNameRange     '4.0.16-alpha',
175 silly addNameRange     '4.0.21-alpha',
175 silly addNameRange     '4.0.22-alpha',
175 silly addNameRange     '4.0.23-alpha',
175 silly addNameRange     '4.0.24-alpha',
175 silly addNameRange     '4.0.25-alpha',
175 silly addNameRange     '4.0.26-alpha',
175 silly addNameRange     '4.0.27-alpha',
175 silly addNameRange     '4.0.28-alpha',
175 silly addNameRange     '4.0.29',
175 silly addNameRange     '4.0.30',
175 silly addNameRange     '4.0.31',
175 silly addNameRange     '4.0.32',
175 silly addNameRange     '4.0.33',
175 silly addNameRange     '4.0.34',
175 silly addNameRange     '4.0.35',
175 silly addNameRange     '4.0.36',
175 silly addNameRange     '4.0.37',
175 silly addNameRange     '4.0.38',
175 silly addNameRange     '4.0.39',
175 silly addNameRange     '4.0.40',
175 silly addNameRange     '4.0.41',
175 silly addNameRange     '4.0.42',
175 silly addNameRange     '4.0.43',
175 silly addNameRange     '4.0.44',
175 silly addNameRange     '4.0.45',
175 silly addNameRange     '4.0.46',
175 silly addNameRange     '4.0.47',
175 silly addNameRange     '4.0.48',
175 silly addNameRange     '4.0.49',
175 silly addNameRange     '4.0.50',
175 silly addNameRange     '4.0.51',
175 silly addNameRange     '4.0.52',
175 silly addNameRange     '4.0.53',
175 silly addNameRange     '4.0.54',
175 silly addNameRange     '4.0.55',
175 silly addNameRange     '4.0.56',
175 silly addNameRange     '4.0.57',
175 silly addNameRange     '4.11.0',
175 silly addNameRange     '4.11.1',
175 silly addNameRange     '4.11.2',
175 silly addNameRange     '4.16.0',
175 silly addNameRange     '4.16.1',
175 silly addNameRange     '4.16.2',
175 silly addNameRange     '4.16.3',
175 silly addNameRange     '4.16.4',
175 silly addNameRange     '4.16.5',
175 silly addNameRange     '4.16.6',
175 silly addNameRange     '4.16.7',
175 silly addNameRange     '4.16.8',
175 silly addNameRange     '4.16.9',
175 silly addNameRange     '4.16.10',
175 silly addNameRange     '4.16.11',
175 silly addNameRange     '4.17.0',
175 silly addNameRange     '4.17.1',
175 silly addNameRange     '4.17.2',
175 silly addNameRange     '4.17.3',
175 silly addNameRange     '4.17.4',
175 silly addNameRange     '4.17.5',
175 silly addNameRange     '4.17.6',
175 silly addNameRange     '4.17.7',
175 silly addNameRange     '4.17.8',
175 silly addNameRange     '4.17.9',
175 silly addNameRange     '4.17.10',
175 silly addNameRange     '4.17.11',
175 silly addNameRange     '4.17.12',
175 silly addNameRange     '4.17.13',
175 silly addNameRange     '4.17.14',
175 silly addNameRange     '4.17.15',
175 silly addNameRange     '4.17.16',
175 silly addNameRange     '4.17.17',
175 silly addNameRange     '4.17.18',
175 silly addNameRange     '4.17.19',
175 silly addNameRange     '4.17.20',
175 silly addNameRange     '4.17.21',
175 silly addNameRange     '4.17.22',
175 silly addNameRange     '4.17.23',
175 silly addNameRange     '4.17.24',
175 silly addNameRange     '4.17.25',
175 silly addNameRange     '4.17.26',
175 silly addNameRange     '4.17.27',
175 silly addNameRange     '4.17.28',
175 silly addNameRange     '4.17.29',
175 silly addNameRange     '4.17.30' ] ]
176 silly addNamed @types/express-serve-static-core@4.17.30
177 verbose addNamed "4.17.30" is a plain semver version for @types/express-serve-static-core
178 silly resolveWithNewModule @types/body-parser@1.19.2 checking installable status
179 silly cache add args [ '@types/body-parser@*', null ]
180 verbose cache add spec @types/body-parser@*
181 silly cache add parsed spec Result {
181 silly cache add   raw: '@types/body-parser@*',
181 silly cache add   scope: '@types',
181 silly cache add   name: '@types/body-parser',
181 silly cache add   rawSpec: '*',
181 silly cache add   spec: '*',
181 silly cache add   type: 'range' }
182 silly addNamed @types/body-parser@*
183 verbose addNamed "*" is a valid semver range for @types/body-parser
184 silly addNameRange { name: '@types/body-parser', range: '*', hasData: false }
185 silly mapToRegistry name @types/body-parser
186 silly mapToRegistry scope (from package name) @types
187 verbose mapToRegistry no registry URL found in name for scope @types
188 silly mapToRegistry using default registry
189 silly mapToRegistry registry https://registry.npmjs.org/
190 silly mapToRegistry uri https://registry.npmjs.org/@types%2fbody-parser
191 verbose addNameRange registry:https://registry.npmjs.org/@types%2fbody-parser not in flight; fetching
192 silly resolveWithNewModule @types/serve-static@1.15.0 checking installable status
193 silly cache add args [ '@types/serve-static@*', null ]
194 verbose cache add spec @types/serve-static@*
195 silly cache add parsed spec Result {
195 silly cache add   raw: '@types/serve-static@*',
195 silly cache add   scope: '@types',
195 silly cache add   name: '@types/serve-static',
195 silly cache add   rawSpec: '*',
195 silly cache add   spec: '*',
195 silly cache add   type: 'range' }
196 silly addNamed @types/serve-static@*
197 verbose addNamed "*" is a valid semver range for @types/serve-static
198 silly addNameRange { name: '@types/serve-static', range: '*', hasData: false }
199 silly mapToRegistry name @types/serve-static
200 silly mapToRegistry scope (from package name) @types
201 verbose mapToRegistry no registry URL found in name for scope @types
202 silly mapToRegistry using default registry
203 silly mapToRegistry registry https://registry.npmjs.org/
204 silly mapToRegistry uri https://registry.npmjs.org/@types%2fserve-static
205 verbose addNameRange registry:https://registry.npmjs.org/@types%2fserve-static not in flight; fetching
206 verbose get https://registry.npmjs.org/@types%2fbody-parser not expired, no request
207 silly addNameRange number 2 { name: '@types/body-parser', range: '*', hasData: true }
208 silly addNameRange versions [ '@types/body-parser',
208 silly addNameRange   [ '0.0.16-alpha',
208 silly addNameRange     '0.0.17-alpha',
208 silly addNameRange     '0.0.22-alpha',
208 silly addNameRange     '0.0.23-alpha',
208 silly addNameRange     '0.0.24-alpha',
208 silly addNameRange     '0.0.25-alpha',
208 silly addNameRange     '0.0.26-alpha',
208 silly addNameRange     '0.0.27-alpha',
208 silly addNameRange     '0.0.28-alpha',
208 silly addNameRange     '0.0.29',
208 silly addNameRange     '0.0.30',
208 silly addNameRange     '0.0.31',
208 silly addNameRange     '0.0.32',
208 silly addNameRange     '0.0.33',
208 silly addNameRange     '0.0.34',
208 silly addNameRange     '1.16.0',
208 silly addNameRange     '1.16.1',
208 silly addNameRange     '1.16.2',
208 silly addNameRange     '1.16.3',
208 silly addNameRange     '1.16.4',
208 silly addNameRange     '1.16.5',
208 silly addNameRange     '1.16.6',
208 silly addNameRange     '1.16.7',
208 silly addNameRange     '1.16.8',
208 silly addNameRange     '1.17.0',
208 silly addNameRange     '1.17.1',
208 silly addNameRange     '1.19.0',
208 silly addNameRange     '1.19.1',
208 silly addNameRange     '1.19.2' ] ]
209 silly addNamed @types/body-parser@1.19.2
210 verbose addNamed "1.19.2" is a plain semver version for @types/body-parser
211 silly cache afterAdd @types/express-serve-static-core@4.17.30
212 verbose afterAdd /home/labber/.npm/@types/express-serve-static-core/4.17.30/package/package.json not in flight; writing
213 verbose get https://registry.npmjs.org/@types%2fserve-static not expired, no request
214 silly addNameRange number 2 { name: '@types/serve-static', range: '*', hasData: true }
215 silly addNameRange versions [ '@types/serve-static',
215 silly addNameRange   [ '1.7.14-alpha',
215 silly addNameRange     '1.7.15-alpha',
215 silly addNameRange     '1.7.20-alpha',
215 silly addNameRange     '1.7.21-alpha',
215 silly addNameRange     '1.7.22-alpha',
215 silly addNameRange     '1.7.23-alpha',
215 silly addNameRange     '1.7.24-alpha',
215 silly addNameRange     '1.7.25-alpha',
215 silly addNameRange     '1.7.26-alpha',
215 silly addNameRange     '1.7.27',
215 silly addNameRange     '1.7.28',
215 silly addNameRange     '1.7.29',
215 silly addNameRange     '1.7.30',
215 silly addNameRange     '1.7.31',
215 silly addNameRange     '1.7.32',
215 silly addNameRange     '1.13.0',
215 silly addNameRange     '1.13.1',
215 silly addNameRange     '1.13.2',
215 silly addNameRange     '1.13.3',
215 silly addNameRange     '1.13.4',
215 silly addNameRange     '1.13.5',
215 silly addNameRange     '1.13.6',
215 silly addNameRange     '1.13.7',
215 silly addNameRange     '1.13.8',
215 silly addNameRange     '1.13.9',
215 silly addNameRange     '1.13.10',
215 silly addNameRange     '1.15.0' ] ]
216 silly addNamed @types/serve-static@1.15.0
217 verbose addNamed "1.15.0" is a plain semver version for @types/serve-static
218 verbose afterAdd /home/labber/.npm/@types/express-serve-static-core/4.17.30/package/package.json written
219 silly cache afterAdd @types/body-parser@1.19.2
220 verbose afterAdd /home/labber/.npm/@types/body-parser/1.19.2/package/package.json not in flight; writing
221 silly cache afterAdd @types/serve-static@1.15.0
222 verbose afterAdd /home/labber/.npm/@types/serve-static/1.15.0/package/package.json not in flight; writing
223 verbose afterAdd /home/labber/.npm/@types/body-parser/1.19.2/package/package.json written
224 verbose afterAdd /home/labber/.npm/@types/serve-static/1.15.0/package/package.json written
225 silly fetchNamedPackageData @types/connect
226 silly mapToRegistry name @types/connect
227 silly mapToRegistry scope (from package name) @types
228 verbose mapToRegistry no registry URL found in name for scope @types
229 silly mapToRegistry using default registry
230 silly mapToRegistry registry https://registry.npmjs.org/
231 silly mapToRegistry uri https://registry.npmjs.org/@types%2fconnect
232 silly fetchNamedPackageData @types/node
233 silly mapToRegistry name @types/node
234 silly mapToRegistry scope (from package name) @types
235 verbose mapToRegistry no registry URL found in name for scope @types
236 silly mapToRegistry using default registry
237 silly mapToRegistry registry https://registry.npmjs.org/
238 silly mapToRegistry uri https://registry.npmjs.org/@types%2fnode
239 verbose request uri https://registry.npmjs.org/@types%2fconnect
240 verbose request no auth needed
241 info attempt registry request try #1 at 8:14:28 AM
242 verbose request using bearer token for auth
243 verbose etag W/"46d294aa8eb618d983fff5e0ec44e4a8"
244 verbose lastModified Mon, 13 Jun 2022 01:08:06 GMT
245 http request GET https://registry.npmjs.org/@types%2fconnect
246 verbose request uri https://registry.npmjs.org/@types%2fnode
247 verbose request no auth needed
248 info attempt registry request try #1 at 8:14:28 AM
249 verbose request using bearer token for auth
250 verbose etag W/"03dafd3f81e623f213f9cb4a60e8af3a"
251 verbose lastModified Mon, 08 Aug 2022 17:03:15 GMT
252 http request GET https://registry.npmjs.org/@types%2fnode
253 http 304 https://registry.npmjs.org/@types%2fconnect
254 verbose headers { date: 'Wed, 10 Aug 2022 12:14:30 GMT',
254 verbose headers   connection: 'keep-alive',
254 verbose headers   'cf-ray': '7388a6cf9b205425-YYZ',
254 verbose headers   age: '12',
254 verbose headers   'cache-control': 'public, max-age=300',
254 verbose headers   etag: '"46d294aa8eb618d983fff5e0ec44e4a8"',
254 verbose headers   'last-modified': 'Mon, 13 Jun 2022 01:08:06 GMT',
254 verbose headers   vary: 'Accept-Encoding',
254 verbose headers   'cf-cache-status': 'HIT',
254 verbose headers   'expect-ct': 'max-age=604800, report-uri="https://report-uri.cloudflare.com/cdn-cgi/beacon/expect-ct"',
254 verbose headers   'x-amz-replication-status': 'PENDING',
254 verbose headers   server: 'cloudflare' }
255 silly get cb [ 304,
255 silly get   { date: 'Wed, 10 Aug 2022 12:14:30 GMT',
255 silly get     connection: 'keep-alive',
255 silly get     'cf-ray': '7388a6cf9b205425-YYZ',
255 silly get     age: '12',
255 silly get     'cache-control': 'public, max-age=300',
255 silly get     etag: '"46d294aa8eb618d983fff5e0ec44e4a8"',
255 silly get     'last-modified': 'Mon, 13 Jun 2022 01:08:06 GMT',
255 silly get     vary: 'Accept-Encoding',
255 silly get     'cf-cache-status': 'HIT',
255 silly get     'expect-ct': 'max-age=604800, report-uri="https://report-uri.cloudflare.com/cdn-cgi/beacon/expect-ct"',
255 silly get     'x-amz-replication-status': 'PENDING',
255 silly get     server: 'cloudflare' } ]
256 verbose etag https://registry.npmjs.org/@types%2fconnect from cache
257 verbose get saving @types/connect to /home/labber/.npm/registry.npmjs.org/_40types_252fconnect/.cache.json
258 silly resolveWithNewModule @types/connect@3.4.35 checking installable status
259 silly cache add args [ '@types/connect@*', null ]
260 verbose cache add spec @types/connect@*
261 silly cache add parsed spec Result {
261 silly cache add   raw: '@types/connect@*',
261 silly cache add   scope: '@types',
261 silly cache add   name: '@types/connect',
261 silly cache add   rawSpec: '*',
261 silly cache add   spec: '*',
261 silly cache add   type: 'range' }
262 silly addNamed @types/connect@*
263 verbose addNamed "*" is a valid semver range for @types/connect
264 silly addNameRange { name: '@types/connect', range: '*', hasData: false }
265 silly mapToRegistry name @types/connect
266 silly mapToRegistry scope (from package name) @types
267 verbose mapToRegistry no registry URL found in name for scope @types
268 silly mapToRegistry using default registry
269 silly mapToRegistry registry https://registry.npmjs.org/
270 silly mapToRegistry uri https://registry.npmjs.org/@types%2fconnect
271 verbose addNameRange registry:https://registry.npmjs.org/@types%2fconnect not in flight; fetching
272 verbose get https://registry.npmjs.org/@types%2fconnect not expired, no request
273 silly addNameRange number 2 { name: '@types/connect', range: '*', hasData: true }
274 silly addNameRange versions [ '@types/connect',
274 silly addNameRange   [ '3.4.16-alpha',
274 silly addNameRange     '3.4.17-alpha',
274 silly addNameRange     '3.4.22-alpha',
274 silly addNameRange     '3.4.23-alpha',
274 silly addNameRange     '3.4.24-alpha',
274 silly addNameRange     '3.4.25-alpha',
274 silly addNameRange     '3.4.26-alpha',
274 silly addNameRange     '3.4.27-alpha',
274 silly addNameRange     '3.4.28-alpha',
274 silly addNameRange     '3.4.29',
274 silly addNameRange     '3.4.30',
274 silly addNameRange     '3.4.31',
274 silly addNameRange     '3.4.32',
274 silly addNameRange     '3.4.33',
274 silly addNameRange     '3.4.34',
274 silly addNameRange     '3.4.35' ] ]
275 silly addNamed @types/connect@3.4.35
276 verbose addNamed "3.4.35" is a plain semver version for @types/connect
277 silly cache afterAdd @types/connect@3.4.35
278 verbose afterAdd /home/labber/.npm/@types/connect/3.4.35/package/package.json not in flight; writing
279 verbose afterAdd /home/labber/.npm/@types/connect/3.4.35/package/package.json written
280 http 304 https://registry.npmjs.org/@types%2fnode
281 verbose headers { date: 'Wed, 10 Aug 2022 12:14:30 GMT',
281 verbose headers   connection: 'keep-alive',
281 verbose headers   'cf-ray': '7388a6d13bb7a1f2-YYZ',
281 verbose headers   age: '280',
281 verbose headers   'cache-control': 'public, max-age=300',
281 verbose headers   etag: '"03dafd3f81e623f213f9cb4a60e8af3a"',
281 verbose headers   'last-modified': 'Mon, 08 Aug 2022 17:03:15 GMT',
281 verbose headers   vary: 'Accept-Encoding',
281 verbose headers   'cf-cache-status': 'HIT',
281 verbose headers   'expect-ct': 'max-age=604800, report-uri="https://report-uri.cloudflare.com/cdn-cgi/beacon/expect-ct"',
281 verbose headers   'x-amz-replication-status': 'PENDING',
281 verbose headers   server: 'cloudflare' }
282 silly get cb [ 304,
282 silly get   { date: 'Wed, 10 Aug 2022 12:14:30 GMT',
282 silly get     connection: 'keep-alive',
282 silly get     'cf-ray': '7388a6d13bb7a1f2-YYZ',
282 silly get     age: '280',
282 silly get     'cache-control': 'public, max-age=300',
282 silly get     etag: '"03dafd3f81e623f213f9cb4a60e8af3a"',
282 silly get     'last-modified': 'Mon, 08 Aug 2022 17:03:15 GMT',
282 silly get     vary: 'Accept-Encoding',
282 silly get     'cf-cache-status': 'HIT',
282 silly get     'expect-ct': 'max-age=604800, report-uri="https://report-uri.cloudflare.com/cdn-cgi/beacon/expect-ct"',
282 silly get     'x-amz-replication-status': 'PENDING',
282 silly get     server: 'cloudflare' } ]
283 verbose etag https://registry.npmjs.org/@types%2fnode from cache
284 verbose get saving @types/node to /home/labber/.npm/registry.npmjs.org/_40types_252fnode/.cache.json
285 silly resolveWithNewModule @types/node@18.6.5 checking installable status
286 silly cache add args [ '@types/node@*', null ]
287 verbose cache add spec @types/node@*
288 silly cache add parsed spec Result {
288 silly cache add   raw: '@types/node@*',
288 silly cache add   scope: '@types',
288 silly cache add   name: '@types/node',
288 silly cache add   rawSpec: '*',
288 silly cache add   spec: '*',
288 silly cache add   type: 'range' }
289 silly addNamed @types/node@*
290 verbose addNamed "*" is a valid semver range for @types/node
291 silly addNameRange { name: '@types/node', range: '*', hasData: false }
292 silly mapToRegistry name @types/node
293 silly mapToRegistry scope (from package name) @types
294 verbose mapToRegistry no registry URL found in name for scope @types
295 silly mapToRegistry using default registry
296 silly mapToRegistry registry https://registry.npmjs.org/
297 silly mapToRegistry uri https://registry.npmjs.org/@types%2fnode
298 verbose addNameRange registry:https://registry.npmjs.org/@types%2fnode not in flight; fetching
299 verbose get https://registry.npmjs.org/@types%2fnode not expired, no request
300 silly addNameRange number 2 { name: '@types/node', range: '*', hasData: true }
301 silly addNameRange versions [ '@types/node',
301 silly addNameRange   [ '4.0.15-alpha',
301 silly addNameRange     '4.0.16-alpha',
301 silly addNameRange     '4.0.21-alpha',
301 silly addNameRange     '4.0.22-alpha',
301 silly addNameRange     '4.0.23-alpha',
301 silly addNameRange     '4.0.24-alpha',
301 silly addNameRange     '4.0.25-alpha',
301 silly addNameRange     '4.0.26-alpha',
301 silly addNameRange     '4.0.27-alpha',
301 silly addNameRange     '4.0.28-alpha',
301 silly addNameRange     '4.0.29',
301 silly addNameRange     '4.0.30',
301 silly addNameRange     '6.0.31',
301 silly addNameRange     '6.0.32',
301 silly addNameRange     '6.0.33',
301 silly addNameRange     '6.0.34',
301 silly addNameRange     '6.0.35',
301 silly addNameRange     '6.0.36',
301 silly addNameRange     '6.0.37',
301 silly addNameRange     '6.0.38',
301 silly addNameRange     '6.0.39',
301 silly addNameRange     '6.0.40',
301 silly addNameRange     '6.0.41',
301 silly addNameRange     '6.0.42',
301 silly addNameRange     '6.0.43',
301 silly addNameRange     '6.0.44',
301 silly addNameRange     '6.0.45',
301 silly addNameRange     '6.0.46',
301 silly addNameRange     '6.0.47',
301 silly addNameRange     '6.0.48',
301 silly addNameRange     '6.0.49',
301 silly addNameRange     '6.0.50',
301 silly addNameRange     '6.0.51',
301 silly addNameRange     '0.0.0',
301 silly addNameRange     '0.0.1',
301 silly addNameRange     '0.0.2',
301 silly addNameRange     '0.0.3',
301 silly addNameRange     '6.0.52',
301 silly addNameRange     '6.0.53',
301 silly addNameRange     '6.0.54',
301 silly addNameRange     '6.0.55',
301 silly addNameRange     '6.0.56',
301 silly addNameRange     '6.0.57',
301 silly addNameRange     '6.0.58',
301 silly addNameRange     '6.0.59',
301 silly addNameRange     '4.2.0',
301 silly addNameRange     '0.12.0',
301 silly addNameRange     '7.0.0',
301 silly addNameRange     '6.0.60',
301 silly addNameRange     '7.0.1',
301 silly addNameRange     '6.0.61',
301 silly addNameRange     '7.0.2',
301 silly addNameRange     '7.0.3',
301 silly addNameRange     '7.0.4',
301 silly addNameRange     '4.2.1',
301 silly addNameRange     '6.0.62',
301 silly addNameRange     '7.0.5',
301 silly addNameRange     '6.0.63',
301 silly addNameRange     '4.2.2',
301 silly addNameRange     '0.12.1',
301 silly addNameRange     '4.2.3',
301 silly addNameRange     '6.0.64',
301 silly addNameRange     '7.0.6',
301 silly addNameRange     '6.0.65',
301 silly addNameRange     '7.0.7',
301 silly addNameRange     '7.0.8',
301 silly addNameRange     '4.2.4',
301 silly addNameRange     '0.12.2',
301 silly addNameRange     '6.0.66',
301 silly addNameRange     '7.0.9',
301 silly addNameRange     '7.0.10',
301 silly addNameRange     '7.0.11',
301 silly addNameRange     '6.0.67',
301 silly addNameRange     '6.0.68',
301 silly addNameRange     '7.0.12',
301 silly addNameRange     '4.2.5',
301 silly addNameRange     '0.12.3',
301 silly addNameRange     '6.0.69',
301 silly addNameRange     '0.12.4',
301 silly addNameRange     '4.2.6',
301 silly addNameRange     '6.0.70',
301 silly addNameRange     '7.0.13',
301 silly addNameRange     '7.0.14',
301 silly addNameRange     '6.0.71',
301 silly addNameRange     '7.0.15',
301 silly addNameRange     '4.2.7',
301 silly addNameRange     '6.0.72',
301 silly addNameRange     '7.0.16',
301 silly addNameRange     '7.0.17',
301 silly addNameRange     '7.0.18',
301 silly addNameRange     '4.2.8',
301 silly addNameRange     '6.0.73',
301 silly addNameRange     '7.0.19',
301 silly addNameRange     '7.0.20',
301 silly addNameRange     '7.0.21',
301 silly addNameRange     '7.0.22',
301 silly addNameRange     '6.0.74',
301 silly addNameRange     '7.0.23',
301 silly addNameRange     '7.0.24',
301 silly addNameRange     '6.0.75',
301 silly addNameRange     ... 1284 more items ] ]
302 silly addNamed @types/node@18.6.5
303 verbose addNamed "18.6.5" is a plain semver version for @types/node
304 silly cache afterAdd @types/node@18.6.5
305 verbose afterAdd /home/labber/.npm/@types/node/18.6.5/package/package.json not in flight; writing
306 verbose afterAdd /home/labber/.npm/@types/node/18.6.5/package/package.json written
307 silly fetchNamedPackageData @types/range-parser
308 silly mapToRegistry name @types/range-parser
309 silly mapToRegistry scope (from package name) @types
310 verbose mapToRegistry no registry URL found in name for scope @types
311 silly mapToRegistry using default registry
312 silly mapToRegistry registry https://registry.npmjs.org/
313 silly mapToRegistry uri https://registry.npmjs.org/@types%2frange-parser
314 verbose request uri https://registry.npmjs.org/@types%2frange-parser
315 verbose request no auth needed
316 info attempt registry request try #1 at 8:14:29 AM
317 verbose request using bearer token for auth
318 verbose etag W/"d2ddcbb28377b4daef13ffe445c6e711"
319 verbose lastModified Mon, 13 Jun 2022 01:15:09 GMT
320 http request GET https://registry.npmjs.org/@types%2frange-parser
321 http 304 https://registry.npmjs.org/@types%2frange-parser
322 verbose headers { date: 'Wed, 10 Aug 2022 12:14:31 GMT',
322 verbose headers   connection: 'keep-alive',
322 verbose headers   'cf-ray': '7388a6d4a80eab3d-YYZ',
322 verbose headers   age: '16',
322 verbose headers   'cache-control': 'public, max-age=300',
322 verbose headers   etag: '"d2ddcbb28377b4daef13ffe445c6e711"',
322 verbose headers   'last-modified': 'Mon, 13 Jun 2022 01:15:09 GMT',
322 verbose headers   vary: 'Accept-Encoding',
322 verbose headers   'cf-cache-status': 'HIT',
322 verbose headers   'expect-ct': 'max-age=604800, report-uri="https://report-uri.cloudflare.com/cdn-cgi/beacon/expect-ct"',
322 verbose headers   'x-amz-replication-status': 'PENDING',
322 verbose headers   server: 'cloudflare' }
323 silly get cb [ 304,
323 silly get   { date: 'Wed, 10 Aug 2022 12:14:31 GMT',
323 silly get     connection: 'keep-alive',
323 silly get     'cf-ray': '7388a6d4a80eab3d-YYZ',
323 silly get     age: '16',
323 silly get     'cache-control': 'public, max-age=300',
323 silly get     etag: '"d2ddcbb28377b4daef13ffe445c6e711"',
323 silly get     'last-modified': 'Mon, 13 Jun 2022 01:15:09 GMT',
323 silly get     vary: 'Accept-Encoding',
323 silly get     'cf-cache-status': 'HIT',
323 silly get     'expect-ct': 'max-age=604800, report-uri="https://report-uri.cloudflare.com/cdn-cgi/beacon/expect-ct"',
323 silly get     'x-amz-replication-status': 'PENDING',
323 silly get     server: 'cloudflare' } ]
324 verbose etag https://registry.npmjs.org/@types%2frange-parser from cache
325 verbose get saving @types/range-parser to /home/labber/.npm/registry.npmjs.org/_40types_252frange-parser/.cache.json
326 silly resolveWithNewModule @types/range-parser@1.2.4 checking installable status
327 silly cache add args [ '@types/range-parser@*', null ]
328 verbose cache add spec @types/range-parser@*
329 silly cache add parsed spec Result {
329 silly cache add   raw: '@types/range-parser@*',
329 silly cache add   scope: '@types',
329 silly cache add   name: '@types/range-parser',
329 silly cache add   rawSpec: '*',
329 silly cache add   spec: '*',
329 silly cache add   type: 'range' }
330 silly addNamed @types/range-parser@*
331 verbose addNamed "*" is a valid semver range for @types/range-parser
332 silly addNameRange { name: '@types/range-parser', range: '*', hasData: false }
333 silly mapToRegistry name @types/range-parser
334 silly mapToRegistry scope (from package name) @types
335 verbose mapToRegistry no registry URL found in name for scope @types
336 silly mapToRegistry using default registry
337 silly mapToRegistry registry https://registry.npmjs.org/
338 silly mapToRegistry uri https://registry.npmjs.org/@types%2frange-parser
339 verbose addNameRange registry:https://registry.npmjs.org/@types%2frange-parser not in flight; fetching
340 verbose get https://registry.npmjs.org/@types%2frange-parser not expired, no request
341 silly addNameRange number 2 { name: '@types/range-parser', range: '*', hasData: true }
342 silly addNameRange versions [ '@types/range-parser',
342 silly addNameRange   [ '1.2.0', '1.2.1', '1.2.2', '1.2.3', '1.2.4' ] ]
343 silly addNamed @types/range-parser@1.2.4
344 verbose addNamed "1.2.4" is a plain semver version for @types/range-parser
345 silly cache afterAdd @types/range-parser@1.2.4
346 verbose afterAdd /home/labber/.npm/@types/range-parser/1.2.4/package/package.json not in flight; writing
347 verbose afterAdd /home/labber/.npm/@types/range-parser/1.2.4/package/package.json written
348 silly fetchNamedPackageData @types/mime
349 silly mapToRegistry name @types/mime
350 silly mapToRegistry scope (from package name) @types
351 verbose mapToRegistry no registry URL found in name for scope @types
352 silly mapToRegistry using default registry
353 silly mapToRegistry registry https://registry.npmjs.org/
354 silly mapToRegistry uri https://registry.npmjs.org/@types%2fmime
355 verbose request uri https://registry.npmjs.org/@types%2fmime
356 verbose request no auth needed
357 info attempt registry request try #1 at 8:14:29 AM
358 verbose request using bearer token for auth
359 verbose etag W/"77881847300fb362da33c71a650702e8"
360 verbose lastModified Thu, 04 Aug 2022 21:02:33 GMT
361 http request GET https://registry.npmjs.org/@types%2fmime
362 http 304 https://registry.npmjs.org/@types%2fmime
363 verbose headers { date: 'Wed, 10 Aug 2022 12:14:31 GMT',
363 verbose headers   connection: 'keep-alive',
363 verbose headers   'cf-ray': '7388a6d52ab1a217-YYZ',
363 verbose headers   age: '49',
363 verbose headers   'cache-control': 'public, max-age=300',
363 verbose headers   etag: '"77881847300fb362da33c71a650702e8"',
363 verbose headers   'last-modified': 'Thu, 04 Aug 2022 21:02:33 GMT',
363 verbose headers   vary: 'Accept-Encoding',
363 verbose headers   'cf-cache-status': 'HIT',
363 verbose headers   'expect-ct': 'max-age=604800, report-uri="https://report-uri.cloudflare.com/cdn-cgi/beacon/expect-ct"',
363 verbose headers   'x-amz-replication-status': 'COMPLETED',
363 verbose headers   server: 'cloudflare' }
364 silly get cb [ 304,
364 silly get   { date: 'Wed, 10 Aug 2022 12:14:31 GMT',
364 silly get     connection: 'keep-alive',
364 silly get     'cf-ray': '7388a6d52ab1a217-YYZ',
364 silly get     age: '49',
364 silly get     'cache-control': 'public, max-age=300',
364 silly get     etag: '"77881847300fb362da33c71a650702e8"',
364 silly get     'last-modified': 'Thu, 04 Aug 2022 21:02:33 GMT',
364 silly get     vary: 'Accept-Encoding',
364 silly get     'cf-cache-status': 'HIT',
364 silly get     'expect-ct': 'max-age=604800, report-uri="https://report-uri.cloudflare.com/cdn-cgi/beacon/expect-ct"',
364 silly get     'x-amz-replication-status': 'COMPLETED',
364 silly get     server: 'cloudflare' } ]
365 verbose etag https://registry.npmjs.org/@types%2fmime from cache
366 verbose get saving @types/mime to /home/labber/.npm/registry.npmjs.org/_40types_252fmime/.cache.json
367 silly resolveWithNewModule @types/mime@3.0.1 checking installable status
368 silly cache add args [ '@types/mime@*', null ]
369 verbose cache add spec @types/mime@*
370 silly cache add parsed spec Result {
370 silly cache add   raw: '@types/mime@*',
370 silly cache add   scope: '@types',
370 silly cache add   name: '@types/mime',
370 silly cache add   rawSpec: '*',
370 silly cache add   spec: '*',
370 silly cache add   type: 'range' }
371 silly addNamed @types/mime@*
372 verbose addNamed "*" is a valid semver range for @types/mime
373 silly addNameRange { name: '@types/mime', range: '*', hasData: false }
374 silly mapToRegistry name @types/mime
375 silly mapToRegistry scope (from package name) @types
376 verbose mapToRegistry no registry URL found in name for scope @types
377 silly mapToRegistry using default registry
378 silly mapToRegistry registry https://registry.npmjs.org/
379 silly mapToRegistry uri https://registry.npmjs.org/@types%2fmime
380 verbose addNameRange registry:https://registry.npmjs.org/@types%2fmime not in flight; fetching
381 verbose get https://registry.npmjs.org/@types%2fmime not expired, no request
382 silly addNameRange number 2 { name: '@types/mime', range: '*', hasData: true }
383 silly addNameRange versions [ '@types/mime',
383 silly addNameRange   [ '0.0.15-alpha',
383 silly addNameRange     '0.0.16-alpha',
383 silly addNameRange     '0.0.21-alpha',
383 silly addNameRange     '0.0.22-alpha',
383 silly addNameRange     '0.0.23-alpha',
383 silly addNameRange     '0.0.24-alpha',
383 silly addNameRange     '0.0.25-alpha',
383 silly addNameRange     '0.0.26-alpha',
383 silly addNameRange     '0.0.27-alpha',
383 silly addNameRange     '0.0.28',
383 silly addNameRange     '0.0.29',
383 silly addNameRange     '1.3.0',
383 silly addNameRange     '1.3.1',
383 silly addNameRange     '2.0.0',
383 silly addNameRange     '2.0.1',
383 silly addNameRange     '2.0.2',
383 silly addNameRange     '2.0.3',
383 silly addNameRange     '1.3.2',
383 silly addNameRange     '3.0.0',
383 silly addNameRange     '3.0.1' ] ]
384 silly addNamed @types/mime@3.0.1
385 verbose addNamed "3.0.1" is a plain semver version for @types/mime
386 silly cache afterAdd @types/mime@3.0.1
387 verbose afterAdd /home/labber/.npm/@types/mime/3.0.1/package/package.json not in flight; writing
388 verbose afterAdd /home/labber/.npm/@types/mime/3.0.1/package/package.json written
389 silly loadAllDepsIntoIdealTree Finishing
390 silly idealTree:prePrune firstapp@1.0.0
390 silly idealTree:prePrune  @types/body-parser@1.19.2
390 silly idealTree:prePrune  @types/connect@3.4.35
390 silly idealTree:prePrune  @types/express-serve-static-core@4.17.30
390 silly idealTree:prePrune  @types/express@4.17.13
390 silly idealTree:prePrune  @types/mime@3.0.1
390 silly idealTree:prePrune  @types/node@18.6.5
390 silly idealTree:prePrune  @types/qs@6.9.7
390 silly idealTree:prePrune  @types/range-parser@1.2.4
390 silly idealTree:prePrune  @types/serve-static@1.15.0
390 silly idealTree:prePrune  accepts@1.3.8
390 silly idealTree:prePrune  array-flatten@1.1.1
390 silly idealTree:prePrune  body-parser@1.20.0
390 silly idealTree:prePrune  bytes@3.1.2
390 silly idealTree:prePrune  call-bind@1.0.2
390 silly idealTree:prePrune  content-disposition@0.5.4
390 silly idealTree:prePrune  content-type@1.0.4
390 silly idealTree:prePrune  cookie-signature@1.0.6
390 silly idealTree:prePrune  cookie@0.5.0
390 silly idealTree:prePrune  debug@2.6.9
390 silly idealTree:prePrune  depd@2.0.0
390 silly idealTree:prePrune  destroy@1.2.0
390 silly idealTree:prePrune  ee-first@1.1.1
390 silly idealTree:prePrune  encodeurl@1.0.2
390 silly idealTree:prePrune  escape-html@1.0.3
390 silly idealTree:prePrune  etag@1.8.1
390 silly idealTree:prePrune  express@4.18.1
390 silly idealTree:prePrune  finalhandler@1.2.0
390 silly idealTree:prePrune  forwarded@0.2.0
390 silly idealTree:prePrune  fresh@0.5.2
390 silly idealTree:prePrune  function-bind@1.1.1
390 silly idealTree:prePrune  get-intrinsic@1.1.2
390 silly idealTree:prePrune  has-symbols@1.0.3
390 silly idealTree:prePrune  has@1.0.3
390 silly idealTree:prePrune  http-errors@2.0.0
390 silly idealTree:prePrune  iconv-lite@0.4.24
390 silly idealTree:prePrune  inherits@2.0.4
390 silly idealTree:prePrune  ipaddr.js@1.9.1
390 silly idealTree:prePrune  media-typer@0.3.0
390 silly idealTree:prePrune  merge-descriptors@1.0.1
390 silly idealTree:prePrune  methods@1.1.2
390 silly idealTree:prePrune  mime-db@1.52.0
390 silly idealTree:prePrune  mime-types@2.1.35
390 silly idealTree:prePrune  mime@1.6.0
390 silly idealTree:prePrune  ms@2.0.0
390 silly idealTree:prePrune  negotiator@0.6.3
390 silly idealTree:prePrune  object-inspect@1.12.2
390 silly idealTree:prePrune  on-finished@2.4.1
390 silly idealTree:prePrune  parseurl@1.3.3
390 silly idealTree:prePrune  path-to-regexp@0.1.7
390 silly idealTree:prePrune  proxy-addr@2.0.7
390 silly idealTree:prePrune  qs@6.10.3
390 silly idealTree:prePrune  range-parser@1.2.1
390 silly idealTree:prePrune  raw-body@2.5.1
390 silly idealTree:prePrune  safe-buffer@5.2.1
390 silly idealTree:prePrune  safer-buffer@2.1.2
390 silly idealTree:prePrune  send@0.18.0
390 silly idealTree:prePrune   ms@2.1.3
390 silly idealTree:prePrune  serve-static@1.15.0
390 silly idealTree:prePrune  setprototypeof@1.2.0
390 silly idealTree:prePrune  side-channel@1.0.4
390 silly idealTree:prePrune  statuses@2.0.1
390 silly idealTree:prePrune  toidentifier@1.0.1
390 silly idealTree:prePrune  type-is@1.6.18
390 silly idealTree:prePrune  unpipe@1.0.0
390 silly idealTree:prePrune  utils-merge@1.0.1
390 silly idealTree:prePrune  vary@1.1.2
391 silly loadIdealTree Finishing
392 silly currentTree firstapp@1.0.0
392 silly currentTree  accepts@1.3.8
392 silly currentTree  array-flatten@1.1.1
392 silly currentTree  body-parser@1.20.0
392 silly currentTree  bytes@3.1.2
392 silly currentTree  call-bind@1.0.2
392 silly currentTree  content-disposition@0.5.4
392 silly currentTree  content-type@1.0.4
392 silly currentTree  cookie-signature@1.0.6
392 silly currentTree  cookie@0.5.0
392 silly currentTree  debug@2.6.9
392 silly currentTree  depd@2.0.0
392 silly currentTree  destroy@1.2.0
392 silly currentTree  ee-first@1.1.1
392 silly currentTree  encodeurl@1.0.2
392 silly currentTree  escape-html@1.0.3
392 silly currentTree  etag@1.8.1
392 silly currentTree  express@4.18.1
392 silly currentTree  finalhandler@1.2.0
392 silly currentTree  forwarded@0.2.0
392 silly currentTree  fresh@0.5.2
392 silly currentTree  function-bind@1.1.1
392 silly currentTree  get-intrinsic@1.1.2
392 silly currentTree  has-symbols@1.0.3
392 silly currentTree  has@1.0.3
392 silly currentTree  http-errors@2.0.0
392 silly currentTree  iconv-lite@0.4.24
392 silly currentTree  inherits@2.0.4
392 silly currentTree  ipaddr.js@1.9.1
392 silly currentTree  media-typer@0.3.0
392 silly currentTree  merge-descriptors@1.0.1
392 silly currentTree  methods@1.1.2
392 silly currentTree  mime-db@1.52.0
392 silly currentTree  mime-types@2.1.35
392 silly currentTree  mime@1.6.0
392 silly currentTree  ms@2.0.0
392 silly currentTree  negotiator@0.6.3
392 silly currentTree  object-inspect@1.12.2
392 silly currentTree  on-finished@2.4.1
392 silly currentTree  parseurl@1.3.3
392 silly currentTree  path-to-regexp@0.1.7
392 silly currentTree  proxy-addr@2.0.7
392 silly currentTree  qs@6.10.3
392 silly currentTree  range-parser@1.2.1
392 silly currentTree  raw-body@2.5.1
392 silly currentTree  safe-buffer@5.2.1
392 silly currentTree  safer-buffer@2.1.2
392 silly currentTree  send@0.18.0
392 silly currentTree   ms@2.1.3
392 silly currentTree  serve-static@1.15.0
392 silly currentTree  setprototypeof@1.2.0
392 silly currentTree  side-channel@1.0.4
392 silly currentTree  statuses@2.0.1
392 silly currentTree  toidentifier@1.0.1
392 silly currentTree  type-is@1.6.18
392 silly currentTree  unpipe@1.0.0
392 silly currentTree  utils-merge@1.0.1
392 silly currentTree  vary@1.1.2
393 silly idealTree firstapp@1.0.0
393 silly idealTree  @types/body-parser@1.19.2
393 silly idealTree  @types/connect@3.4.35
393 silly idealTree  @types/express-serve-static-core@4.17.30
393 silly idealTree  @types/express@4.17.13
393 silly idealTree  @types/mime@3.0.1
393 silly idealTree  @types/node@18.6.5
393 silly idealTree  @types/qs@6.9.7
393 silly idealTree  @types/range-parser@1.2.4
393 silly idealTree  @types/serve-static@1.15.0
393 silly idealTree  accepts@1.3.8
393 silly idealTree  array-flatten@1.1.1
393 silly idealTree  body-parser@1.20.0
393 silly idealTree  bytes@3.1.2
393 silly idealTree  call-bind@1.0.2
393 silly idealTree  content-disposition@0.5.4
393 silly idealTree  content-type@1.0.4
393 silly idealTree  cookie-signature@1.0.6
393 silly idealTree  cookie@0.5.0
393 silly idealTree  debug@2.6.9
393 silly idealTree  depd@2.0.0
393 silly idealTree  destroy@1.2.0
393 silly idealTree  ee-first@1.1.1
393 silly idealTree  encodeurl@1.0.2
393 silly idealTree  escape-html@1.0.3
393 silly idealTree  etag@1.8.1
393 silly idealTree  express@4.18.1
393 silly idealTree  finalhandler@1.2.0
393 silly idealTree  forwarded@0.2.0
393 silly idealTree  fresh@0.5.2
393 silly idealTree  function-bind@1.1.1
393 silly idealTree  get-intrinsic@1.1.2
393 silly idealTree  has-symbols@1.0.3
393 silly idealTree  has@1.0.3
393 silly idealTree  http-errors@2.0.0
393 silly idealTree  iconv-lite@0.4.24
393 silly idealTree  inherits@2.0.4
393 silly idealTree  ipaddr.js@1.9.1
393 silly idealTree  media-typer@0.3.0
393 silly idealTree  merge-descriptors@1.0.1
393 silly idealTree  methods@1.1.2
393 silly idealTree  mime-db@1.52.0
393 silly idealTree  mime-types@2.1.35
393 silly idealTree  mime@1.6.0
393 silly idealTree  ms@2.0.0
393 silly idealTree  negotiator@0.6.3
393 silly idealTree  object-inspect@1.12.2
393 silly idealTree  on-finished@2.4.1
393 silly idealTree  parseurl@1.3.3
393 silly idealTree  path-to-regexp@0.1.7
393 silly idealTree  proxy-addr@2.0.7
393 silly idealTree  qs@6.10.3
393 silly idealTree  range-parser@1.2.1
393 silly idealTree  raw-body@2.5.1
393 silly idealTree  safe-buffer@5.2.1
393 silly idealTree  safer-buffer@2.1.2
393 silly idealTree  send@0.18.0
393 silly idealTree   ms@2.1.3
393 silly idealTree  serve-static@1.15.0
393 silly idealTree  setprototypeof@1.2.0
393 silly idealTree  side-channel@1.0.4
393 silly idealTree  statuses@2.0.1
393 silly idealTree  toidentifier@1.0.1
393 silly idealTree  type-is@1.6.18
393 silly idealTree  unpipe@1.0.0
393 silly idealTree  utils-merge@1.0.1
393 silly idealTree  vary@1.1.2
394 silly generateActionsToTake Starting
395 silly install generateActionsToTake
396 silly generateActionsToTake Finishing
397 silly diffTrees action count 9
398 silly diffTrees add @types/mime@3.0.1
399 silly diffTrees add @types/node@18.6.5
400 silly diffTrees add @types/connect@3.4.35
401 silly diffTrees add @types/body-parser@1.19.2
402 silly diffTrees add @types/qs@6.9.7
403 silly diffTrees add @types/range-parser@1.2.4
404 silly diffTrees add @types/express-serve-static-core@4.17.30
405 silly diffTrees add @types/serve-static@1.15.0
406 silly diffTrees add @types/express@4.17.13
407 silly decomposeActions action count 72
408 silly decomposeActions fetch @types/mime@3.0.1
409 silly decomposeActions extract @types/mime@3.0.1
410 silly decomposeActions test @types/mime@3.0.1
411 silly decomposeActions preinstall @types/mime@3.0.1
412 silly decomposeActions build @types/mime@3.0.1
413 silly decomposeActions install @types/mime@3.0.1
414 silly decomposeActions postinstall @types/mime@3.0.1
415 silly decomposeActions finalize @types/mime@3.0.1
416 silly decomposeActions fetch @types/node@18.6.5
417 silly decomposeActions extract @types/node@18.6.5
418 silly decomposeActions test @types/node@18.6.5
419 silly decomposeActions preinstall @types/node@18.6.5
420 silly decomposeActions build @types/node@18.6.5
421 silly decomposeActions install @types/node@18.6.5
422 silly decomposeActions postinstall @types/node@18.6.5
423 silly decomposeActions finalize @types/node@18.6.5
424 silly decomposeActions fetch @types/connect@3.4.35
425 silly decomposeActions extract @types/connect@3.4.35
426 silly decomposeActions test @types/connect@3.4.35
427 silly decomposeActions preinstall @types/connect@3.4.35
428 silly decomposeActions build @types/connect@3.4.35
429 silly decomposeActions install @types/connect@3.4.35
430 silly decomposeActions postinstall @types/connect@3.4.35
431 silly decomposeActions finalize @types/connect@3.4.35
432 silly decomposeActions fetch @types/body-parser@1.19.2
433 silly decomposeActions extract @types/body-parser@1.19.2
434 silly decomposeActions test @types/body-parser@1.19.2
435 silly decomposeActions preinstall @types/body-parser@1.19.2
436 silly decomposeActions build @types/body-parser@1.19.2
437 silly decomposeActions install @types/body-parser@1.19.2
438 silly decomposeActions postinstall @types/body-parser@1.19.2
439 silly decomposeActions finalize @types/body-parser@1.19.2
440 silly decomposeActions fetch @types/qs@6.9.7
441 silly decomposeActions extract @types/qs@6.9.7
442 silly decomposeActions test @types/qs@6.9.7
443 silly decomposeActions preinstall @types/qs@6.9.7
444 silly decomposeActions build @types/qs@6.9.7
445 silly decomposeActions install @types/qs@6.9.7
446 silly decomposeActions postinstall @types/qs@6.9.7
447 silly decomposeActions finalize @types/qs@6.9.7
448 silly decomposeActions fetch @types/range-parser@1.2.4
449 silly decomposeActions extract @types/range-parser@1.2.4
450 silly decomposeActions test @types/range-parser@1.2.4
451 silly decomposeActions preinstall @types/range-parser@1.2.4
452 silly decomposeActions build @types/range-parser@1.2.4
453 silly decomposeActions install @types/range-parser@1.2.4
454 silly decomposeActions postinstall @types/range-parser@1.2.4
455 silly decomposeActions finalize @types/range-parser@1.2.4
456 silly decomposeActions fetch @types/express-serve-static-core@4.17.30
457 silly decomposeActions extract @types/express-serve-static-core@4.17.30
458 silly decomposeActions test @types/express-serve-static-core@4.17.30
459 silly decomposeActions preinstall @types/express-serve-static-core@4.17.30
460 silly decomposeActions build @types/express-serve-static-core@4.17.30
461 silly decomposeActions install @types/express-serve-static-core@4.17.30
462 silly decomposeActions postinstall @types/express-serve-static-core@4.17.30
463 silly decomposeActions finalize @types/express-serve-static-core@4.17.30
464 silly decomposeActions fetch @types/serve-static@1.15.0
465 silly decomposeActions extract @types/serve-static@1.15.0
466 silly decomposeActions test @types/serve-static@1.15.0
467 silly decomposeActions preinstall @types/serve-static@1.15.0
468 silly decomposeActions build @types/serve-static@1.15.0
469 silly decomposeActions install @types/serve-static@1.15.0
470 silly decomposeActions postinstall @types/serve-static@1.15.0
471 silly decomposeActions finalize @types/serve-static@1.15.0
472 silly decomposeActions fetch @types/express@4.17.13
473 silly decomposeActions extract @types/express@4.17.13
474 silly decomposeActions test @types/express@4.17.13
475 silly decomposeActions preinstall @types/express@4.17.13
476 silly decomposeActions build @types/express@4.17.13
477 silly decomposeActions install @types/express@4.17.13
478 silly decomposeActions postinstall @types/express@4.17.13
479 silly decomposeActions finalize @types/express@4.17.13
480 silly executeActions Starting
481 silly install executeActions
482 silly doSerial global-install 0
483 silly doParallel fetch 9
484 verbose lock using /home/labber/.npm/_locks/staging-c59e5dce5dc399d6.lock for /home/labber/dev/web_developer_bootcamp_00/33_FirstApp/node_modules/.staging
485 silly doParallel extract 9
486 silly extract @types/mime@3.0.1
487 silly extract @types/node@18.6.5
488 silly extract @types/connect@3.4.35
489 silly extract @types/body-parser@1.19.2
490 silly extract @types/qs@6.9.7
491 silly extract @types/range-parser@1.2.4
492 silly extract @types/express-serve-static-core@4.17.30
493 silly extract @types/serve-static@1.15.0
494 silly extract @types/express@4.17.13
495 verbose unbuild node_modules/.staging/@types/mime-76c42057
496 verbose unbuild node_modules/.staging/@types/connect-f4a9b598
497 verbose unbuild node_modules/.staging/@types/node-efbd4b9e
498 verbose unbuild node_modules/.staging/@types/body-parser-b2f999ca
499 verbose unbuild node_modules/.staging/@types/qs-a4a0dffd
500 verbose unbuild node_modules/.staging/@types/range-parser-2e6395a1
501 verbose unbuild node_modules/.staging/@types/serve-static-2bb7b317
502 verbose unbuild node_modules/.staging/@types/express-63720fc7
503 verbose unbuild node_modules/.staging/@types/express-serve-static-core-49fc401e
504 silly gentlyRm /home/labber/dev/web_developer_bootcamp_00/33_FirstApp/node_modules/.staging/@types/mime-76c42057 is being purged from base /home/labber/dev/web_developer_bootcamp_00/33_FirstApp
505 verbose gentlyRm don't care about contents; nuking /home/labber/dev/web_developer_bootcamp_00/33_FirstApp/node_modules/.staging/@types/mime-76c42057
506 silly gentlyRm /home/labber/dev/web_developer_bootcamp_00/33_FirstApp/node_modules/.staging/@types/connect-f4a9b598 is being purged from base /home/labber/dev/web_developer_bootcamp_00/33_FirstApp
507 verbose gentlyRm don't care about contents; nuking /home/labber/dev/web_developer_bootcamp_00/33_FirstApp/node_modules/.staging/@types/connect-f4a9b598
508 silly gentlyRm /home/labber/dev/web_developer_bootcamp_00/33_FirstApp/node_modules/.staging/@types/node-efbd4b9e is being purged from base /home/labber/dev/web_developer_bootcamp_00/33_FirstApp
509 verbose gentlyRm don't care about contents; nuking /home/labber/dev/web_developer_bootcamp_00/33_FirstApp/node_modules/.staging/@types/node-efbd4b9e
510 silly gentlyRm /home/labber/dev/web_developer_bootcamp_00/33_FirstApp/node_modules/.staging/@types/body-parser-b2f999ca is being purged from base /home/labber/dev/web_developer_bootcamp_00/33_FirstApp
511 verbose gentlyRm don't care about contents; nuking /home/labber/dev/web_developer_bootcamp_00/33_FirstApp/node_modules/.staging/@types/body-parser-b2f999ca
512 silly gentlyRm /home/labber/dev/web_developer_bootcamp_00/33_FirstApp/node_modules/.staging/@types/qs-a4a0dffd is being purged from base /home/labber/dev/web_developer_bootcamp_00/33_FirstApp
513 verbose gentlyRm don't care about contents; nuking /home/labber/dev/web_developer_bootcamp_00/33_FirstApp/node_modules/.staging/@types/qs-a4a0dffd
514 silly gentlyRm /home/labber/dev/web_developer_bootcamp_00/33_FirstApp/node_modules/.staging/@types/range-parser-2e6395a1 is being purged from base /home/labber/dev/web_developer_bootcamp_00/33_FirstApp
515 verbose gentlyRm don't care about contents; nuking /home/labber/dev/web_developer_bootcamp_00/33_FirstApp/node_modules/.staging/@types/range-parser-2e6395a1
516 silly gentlyRm /home/labber/dev/web_developer_bootcamp_00/33_FirstApp/node_modules/.staging/@types/serve-static-2bb7b317 is being purged from base /home/labber/dev/web_developer_bootcamp_00/33_FirstApp
517 verbose gentlyRm don't care about contents; nuking /home/labber/dev/web_developer_bootcamp_00/33_FirstApp/node_modules/.staging/@types/serve-static-2bb7b317
518 silly gentlyRm /home/labber/dev/web_developer_bootcamp_00/33_FirstApp/node_modules/.staging/@types/express-63720fc7 is being purged from base /home/labber/dev/web_developer_bootcamp_00/33_FirstApp
519 verbose gentlyRm don't care about contents; nuking /home/labber/dev/web_developer_bootcamp_00/33_FirstApp/node_modules/.staging/@types/express-63720fc7
520 verbose tar unpack /home/labber/.npm/@types/mime/3.0.1/package.tgz
521 verbose tar unpacking to /home/labber/dev/web_developer_bootcamp_00/33_FirstApp/node_modules/.staging/@types/mime-76c42057
522 silly gentlyRm /home/labber/dev/web_developer_bootcamp_00/33_FirstApp/node_modules/.staging/@types/mime-76c42057 is being purged
523 verbose gentlyRm don't care about contents; nuking /home/labber/dev/web_developer_bootcamp_00/33_FirstApp/node_modules/.staging/@types/mime-76c42057
524 verbose tar unpack /home/labber/.npm/@types/connect/3.4.35/package.tgz
525 verbose tar unpacking to /home/labber/dev/web_developer_bootcamp_00/33_FirstApp/node_modules/.staging/@types/connect-f4a9b598
526 silly gentlyRm /home/labber/dev/web_developer_bootcamp_00/33_FirstApp/node_modules/.staging/@types/connect-f4a9b598 is being purged
527 verbose gentlyRm don't care about contents; nuking /home/labber/dev/web_developer_bootcamp_00/33_FirstApp/node_modules/.staging/@types/connect-f4a9b598
528 verbose tar unpack /home/labber/.npm/@types/node/18.6.5/package.tgz
529 verbose tar unpacking to /home/labber/dev/web_developer_bootcamp_00/33_FirstApp/node_modules/.staging/@types/node-efbd4b9e
530 silly gentlyRm /home/labber/dev/web_developer_bootcamp_00/33_FirstApp/node_modules/.staging/@types/node-efbd4b9e is being purged
531 verbose gentlyRm don't care about contents; nuking /home/labber/dev/web_developer_bootcamp_00/33_FirstApp/node_modules/.staging/@types/node-efbd4b9e
532 verbose tar unpack /home/labber/.npm/@types/body-parser/1.19.2/package.tgz
533 verbose tar unpacking to /home/labber/dev/web_developer_bootcamp_00/33_FirstApp/node_modules/.staging/@types/body-parser-b2f999ca
534 silly gentlyRm /home/labber/dev/web_developer_bootcamp_00/33_FirstApp/node_modules/.staging/@types/body-parser-b2f999ca is being purged
535 verbose gentlyRm don't care about contents; nuking /home/labber/dev/web_developer_bootcamp_00/33_FirstApp/node_modules/.staging/@types/body-parser-b2f999ca
536 silly gentlyRm /home/labber/dev/web_developer_bootcamp_00/33_FirstApp/node_modules/.staging/@types/express-serve-static-core-49fc401e is being purged from base /home/labber/dev/web_developer_bootcamp_00/33_FirstApp
537 verbose gentlyRm don't care about contents; nuking /home/labber/dev/web_developer_bootcamp_00/33_FirstApp/node_modules/.staging/@types/express-serve-static-core-49fc401e
538 verbose tar unpack /home/labber/.npm/@types/qs/6.9.7/package.tgz
539 verbose tar unpacking to /home/labber/dev/web_developer_bootcamp_00/33_FirstApp/node_modules/.staging/@types/qs-a4a0dffd
540 silly gentlyRm /home/labber/dev/web_developer_bootcamp_00/33_FirstApp/node_modules/.staging/@types/qs-a4a0dffd is being purged
541 verbose gentlyRm don't care about contents; nuking /home/labber/dev/web_developer_bootcamp_00/33_FirstApp/node_modules/.staging/@types/qs-a4a0dffd
542 verbose tar unpack /home/labber/.npm/@types/range-parser/1.2.4/package.tgz
543 verbose tar unpacking to /home/labber/dev/web_developer_bootcamp_00/33_FirstApp/node_modules/.staging/@types/range-parser-2e6395a1
544 silly gentlyRm /home/labber/dev/web_developer_bootcamp_00/33_FirstApp/node_modules/.staging/@types/range-parser-2e6395a1 is being purged
545 verbose gentlyRm don't care about contents; nuking /home/labber/dev/web_developer_bootcamp_00/33_FirstApp/node_modules/.staging/@types/range-parser-2e6395a1
546 verbose tar unpack /home/labber/.npm/@types/serve-static/1.15.0/package.tgz
547 verbose tar unpacking to /home/labber/dev/web_developer_bootcamp_00/33_FirstApp/node_modules/.staging/@types/serve-static-2bb7b317
548 silly gentlyRm /home/labber/dev/web_developer_bootcamp_00/33_FirstApp/node_modules/.staging/@types/serve-static-2bb7b317 is being purged
549 verbose gentlyRm don't care about contents; nuking /home/labber/dev/web_developer_bootcamp_00/33_FirstApp/node_modules/.staging/@types/serve-static-2bb7b317
550 verbose tar unpack /home/labber/.npm/@types/express/4.17.13/package.tgz
551 verbose tar unpacking to /home/labber/dev/web_developer_bootcamp_00/33_FirstApp/node_modules/.staging/@types/express-63720fc7
552 silly gentlyRm /home/labber/dev/web_developer_bootcamp_00/33_FirstApp/node_modules/.staging/@types/express-63720fc7 is being purged
553 verbose gentlyRm don't care about contents; nuking /home/labber/dev/web_developer_bootcamp_00/33_FirstApp/node_modules/.staging/@types/express-63720fc7
554 silly gunzTarPerm modes [ '755', '644' ]
555 silly gunzTarPerm modes [ '755', '644' ]
556 silly gunzTarPerm modes [ '755', '644' ]
557 silly gunzTarPerm modes [ '755', '644' ]
558 verbose tar unpack /home/labber/.npm/@types/express-serve-static-core/4.17.30/package.tgz
559 verbose tar unpacking to /home/labber/dev/web_developer_bootcamp_00/33_FirstApp/node_modules/.staging/@types/express-serve-static-core-49fc401e
560 silly gentlyRm /home/labber/dev/web_developer_bootcamp_00/33_FirstApp/node_modules/.staging/@types/express-serve-static-core-49fc401e is being purged
561 verbose gentlyRm don't care about contents; nuking /home/labber/dev/web_developer_bootcamp_00/33_FirstApp/node_modules/.staging/@types/express-serve-static-core-49fc401e
562 silly gunzTarPerm modes [ '755', '644' ]
563 silly gunzTarPerm modes [ '755', '644' ]
564 silly gunzTarPerm modes [ '755', '644' ]
565 silly gunzTarPerm modes [ '755', '644' ]
566 silly gunzTarPerm modes [ '755', '644' ]
567 silly gunzTarPerm extractEntry
568 silly gunzTarPerm modified mode [ '', 511, 493 ]
569 silly gunzTarPerm extractEntry LICENSE
570 silly gunzTarPerm modified mode [ 'LICENSE', 511, 493 ]
571 silly gunzTarPerm extractEntry
572 silly gunzTarPerm modified mode [ '', 511, 493 ]
573 silly gunzTarPerm extractEntry LICENSE
574 silly gunzTarPerm modified mode [ 'LICENSE', 511, 493 ]
575 silly gunzTarPerm extractEntry LICENSE
576 silly gunzTarPerm modified mode [ 'LICENSE', 511, 493 ]
577 silly gunzTarPerm extractEntry
578 silly gunzTarPerm modified mode [ '', 511, 493 ]
579 silly gunzTarPerm extractEntry LICENSE
580 silly gunzTarPerm modified mode [ 'LICENSE', 511, 493 ]
581 silly gunzTarPerm extractEntry
582 silly gunzTarPerm modified mode [ '', 511, 493 ]
583 silly gunzTarPerm extractEntry LICENSE
584 silly gunzTarPerm modified mode [ 'LICENSE', 511, 493 ]
585 silly gunzTarPerm extractEntry
586 silly gunzTarPerm modified mode [ '', 511, 493 ]
587 silly gunzTarPerm extractEntry
588 silly gunzTarPerm modified mode [ '', 511, 493 ]
589 silly gunzTarPerm extractEntry
590 silly gunzTarPerm modified mode [ '', 511, 493 ]
591 silly gunzTarPerm extractEntry README.md
592 silly gunzTarPerm modified mode [ 'README.md', 511, 493 ]
593 silly gunzTarPerm extractEntry index.d.ts
594 silly gunzTarPerm modified mode [ 'index.d.ts', 511, 493 ]
595 silly gunzTarPerm extractEntry README.md
596 silly gunzTarPerm modified mode [ 'README.md', 511, 493 ]
597 silly gunzTarPerm extractEntry index.d.ts
598 silly gunzTarPerm modified mode [ 'index.d.ts', 511, 493 ]
599 silly gunzTarPerm extractEntry README.md
600 silly gunzTarPerm modified mode [ 'README.md', 511, 493 ]
601 silly gunzTarPerm extractEntry index.d.ts
602 silly gunzTarPerm modified mode [ 'index.d.ts', 511, 493 ]
603 silly gunzTarPerm extractEntry README.md
604 silly gunzTarPerm modified mode [ 'README.md', 511, 493 ]
605 silly gunzTarPerm extractEntry index.d.ts
606 silly gunzTarPerm modified mode [ 'index.d.ts', 511, 493 ]
607 silly gunzTarPerm extractEntry
608 silly gunzTarPerm modified mode [ '', 511, 493 ]
609 silly gunzTarPerm extractEntry
610 silly gunzTarPerm modified mode [ '', 511, 493 ]
611 silly gunzTarPerm extractEntry
612 silly gunzTarPerm modified mode [ '', 511, 493 ]
613 silly gunzTarPerm extractEntry README.md
614 silly gunzTarPerm modified mode [ 'README.md', 511, 493 ]
615 silly gunzTarPerm extractEntry index.d.ts
616 silly gunzTarPerm modified mode [ 'index.d.ts', 511, 493 ]
617 silly gunzTarPerm extractEntry
618 silly gunzTarPerm modified mode [ '', 511, 493 ]
619 silly gunzTarPerm extractEntry
620 silly gunzTarPerm modified mode [ '', 511, 493 ]
621 silly gunzTarPerm extractEntry
622 silly gunzTarPerm modified mode [ '', 511, 493 ]
623 silly gunzTarPerm extractEntry
624 silly gunzTarPerm modified mode [ '', 511, 493 ]
625 silly gunzTarPerm extractEntry
626 silly gunzTarPerm modified mode [ '', 511, 493 ]
627 silly gunzTarPerm extractEntry
628 silly gunzTarPerm modified mode [ '', 511, 493 ]
629 silly gunzTarPerm extractEntry
630 silly gunzTarPerm modified mode [ '', 511, 493 ]
631 silly gunzTarPerm extractEntry
632 silly gunzTarPerm modified mode [ '', 511, 493 ]
633 silly gunzTarPerm extractEntry
634 silly gunzTarPerm modified mode [ '', 511, 493 ]
635 silly gunzTarPerm extractEntry
636 silly gunzTarPerm modified mode [ '', 511, 493 ]
637 silly gunzTarPerm extractEntry
638 silly gunzTarPerm modified mode [ '', 511, 493 ]
639 silly gunzTarPerm extractEntry package.json
640 silly gunzTarPerm modified mode [ 'package.json', 511, 493 ]
641 silly gunzTarPerm extractEntry
642 silly gunzTarPerm modified mode [ '', 511, 493 ]
643 silly gunzTarPerm extractEntry package.json
644 silly gunzTarPerm modified mode [ 'package.json', 511, 493 ]
645 silly gunzTarPerm extractEntry package.json
646 silly gunzTarPerm modified mode [ 'package.json', 511, 493 ]
647 silly gunzTarPerm extractEntry package.json
648 silly gunzTarPerm modified mode [ 'package.json', 511, 493 ]
649 silly gunzTarPerm extractEntry ts4.0/
650 silly gunzTarPerm modified mode [ 'ts4.0/', 511, 493 ]
651 silly gunzTarPerm extractEntry package.json
652 silly gunzTarPerm modified mode [ 'package.json', 511, 493 ]
653 silly gunzTarPerm extractEntry
654 silly gunzTarPerm modified mode [ '', 511, 493 ]
655 silly gunzTarPerm extractEntry
656 silly gunzTarPerm modified mode [ '', 511, 493 ]
657 silly gunzTarPerm extractEntry
658 silly gunzTarPerm modified mode [ '', 511, 493 ]
659 silly gunzTarPerm extractEntry
660 silly gunzTarPerm modified mode [ '', 511, 493 ]
661 silly gunzTarPerm extractEntry
662 silly gunzTarPerm modified mode [ '', 511, 493 ]
663 silly gunzTarPerm extractEntry ts4.0/index.d.ts
664 silly gunzTarPerm modified mode [ 'ts4.0/index.d.ts', 511, 493 ]
665 silly gunzTarPerm extractEntry
666 silly gunzTarPerm modified mode [ '', 511, 493 ]
667 silly gunzTarPerm extractEntry
668 silly gunzTarPerm modified mode [ '', 511, 493 ]
669 silly gunzTarPerm extractEntry
670 silly gunzTarPerm modified mode [ '', 511, 493 ]
671 silly gunzTarPerm extractEntry
672 silly gunzTarPerm modified mode [ '', 511, 493 ]
673 silly gunzTarPerm extractEntry
674 silly gunzTarPerm modified mode [ '', 511, 493 ]
675 silly gentlyRm /home/labber/dev/web_developer_bootcamp_00/33_FirstApp/node_modules/.staging/@types/connect-f4a9b598/node_modules is being purged
676 verbose gentlyRm don't care about contents; nuking /home/labber/dev/web_developer_bootcamp_00/33_FirstApp/node_modules/.staging/@types/connect-f4a9b598/node_modules
677 silly gentlyRm /home/labber/dev/web_developer_bootcamp_00/33_FirstApp/node_modules/.staging/@types/range-parser-2e6395a1/node_modules is being purged
678 verbose gentlyRm don't care about contents; nuking /home/labber/dev/web_developer_bootcamp_00/33_FirstApp/node_modules/.staging/@types/range-parser-2e6395a1/node_modules
679 silly gentlyRm /home/labber/dev/web_developer_bootcamp_00/33_FirstApp/node_modules/.staging/@types/body-parser-b2f999ca/node_modules is being purged
680 verbose gentlyRm don't care about contents; nuking /home/labber/dev/web_developer_bootcamp_00/33_FirstApp/node_modules/.staging/@types/body-parser-b2f999ca/node_modules
681 silly gentlyRm /home/labber/dev/web_developer_bootcamp_00/33_FirstApp/node_modules/.staging/@types/qs-a4a0dffd/node_modules is being purged
682 verbose gentlyRm don't care about contents; nuking /home/labber/dev/web_developer_bootcamp_00/33_FirstApp/node_modules/.staging/@types/qs-a4a0dffd/node_modules
683 silly gunzTarPerm extractEntry
684 silly gunzTarPerm modified mode [ '', 511, 493 ]
685 silly gunzTarPerm extractEntry
686 silly gunzTarPerm modified mode [ '', 511, 493 ]
687 silly gunzTarPerm extractEntry
688 silly gunzTarPerm modified mode [ '', 511, 493 ]
689 warn install:@types/mime@3.0.1 ENOTDIR: not a directory, open '/home/labber/dev/web_developer_bootcamp_00/33_FirstApp/node_modules/.staging/@types/mime-76c42057/package.json'
690 verbose install:@types/mime@3.0.1 Error: ENOTDIR: not a directory, open '/home/labber/dev/web_developer_bootcamp_00/33_FirstApp/node_modules/.staging/@types/mime-76c42057/package.json'
691 silly gunzTarPerm extractEntry
692 silly gunzTarPerm modified mode [ '', 511, 493 ]
693 silly gunzTarPerm extractEntry
694 silly gunzTarPerm modified mode [ '', 511, 493 ]
695 silly gunzTarPerm extractEntry
696 silly gunzTarPerm modified mode [ '', 511, 493 ]
697 silly gunzTarPerm extractEntry
698 silly gunzTarPerm modified mode [ '', 511, 493 ]
699 silly gentlyRm /home/labber/dev/web_developer_bootcamp_00/33_FirstApp/node_modules/.staging/@types/express-63720fc7/node_modules is being purged
700 verbose gentlyRm don't care about contents; nuking /home/labber/dev/web_developer_bootcamp_00/33_FirstApp/node_modules/.staging/@types/express-63720fc7/node_modules
701 silly gunzTarPerm extractEntry
702 silly gunzTarPerm modified mode [ '', 511, 493 ]
703 silly gunzTarPerm extractEntry
704 silly gunzTarPerm modified mode [ '', 511, 493 ]
705 silly gunzTarPerm extractEntry
706 silly gunzTarPerm modified mode [ '', 511, 493 ]
707 silly gunzTarPerm extractEntry
708 silly gunzTarPerm modified mode [ '', 511, 493 ]
709 silly gunzTarPerm extractEntry
710 silly gunzTarPerm modified mode [ '', 511, 493 ]
711 silly gunzTarPerm extractEntry
712 silly gunzTarPerm modified mode [ '', 511, 493 ]
713 silly gunzTarPerm extractEntry
714 silly gunzTarPerm modified mode [ '', 511, 493 ]
715 silly gunzTarPerm extractEntry
716 silly gunzTarPerm modified mode [ '', 511, 493 ]
717 silly gunzTarPerm extractEntry
718 silly gunzTarPerm modified mode [ '', 511, 493 ]
719 silly gunzTarPerm extractEntry
720 silly gunzTarPerm modified mode [ '', 511, 493 ]
721 silly gunzTarPerm extractEntry
722 silly gunzTarPerm modified mode [ '', 511, 493 ]
723 silly gunzTarPerm extractEntry
724 silly gunzTarPerm modified mode [ '', 511, 493 ]
725 silly gunzTarPerm extractEntry
726 silly gunzTarPerm modified mode [ '', 511, 493 ]
727 silly gunzTarPerm extractEntry
728 silly gunzTarPerm modified mode [ '', 511, 493 ]
729 silly gunzTarPerm extractEntry
730 silly gunzTarPerm modified mode [ '', 511, 493 ]
731 silly gunzTarPerm extractEntry
732 silly gunzTarPerm modified mode [ '', 511, 493 ]
733 silly gunzTarPerm extractEntry
734 silly gunzTarPerm modified mode [ '', 511, 493 ]
735 silly gunzTarPerm extractEntry
736 silly gunzTarPerm modified mode [ '', 511, 493 ]
737 silly gunzTarPerm extractEntry
738 silly gunzTarPerm modified mode [ '', 511, 493 ]
739 silly gunzTarPerm extractEntry
740 silly gunzTarPerm modified mode [ '', 511, 493 ]
741 silly gunzTarPerm extractEntry
742 silly gunzTarPerm modified mode [ '', 511, 493 ]
743 silly gunzTarPerm extractEntry
744 silly gunzTarPerm modified mode [ '', 511, 493 ]
745 silly gunzTarPerm extractEntry
746 silly gunzTarPerm modified mode [ '', 511, 493 ]
747 silly gunzTarPerm extractEntry
748 silly gunzTarPerm modified mode [ '', 511, 493 ]
749 silly gunzTarPerm extractEntry
750 silly gunzTarPerm modified mode [ '', 511, 493 ]
751 silly gunzTarPerm extractEntry
752 silly gunzTarPerm modified mode [ '', 511, 493 ]
753 silly gunzTarPerm extractEntry
754 silly gunzTarPerm modified mode [ '', 511, 493 ]
755 silly gunzTarPerm extractEntry
756 silly gunzTarPerm modified mode [ '', 511, 493 ]
757 silly gunzTarPerm extractEntry
758 silly gunzTarPerm modified mode [ '', 511, 493 ]
759 silly gunzTarPerm extractEntry
760 silly gunzTarPerm modified mode [ '', 511, 493 ]
761 silly gunzTarPerm extractEntry
762 silly gunzTarPerm modified mode [ '', 511, 493 ]
763 silly gunzTarPerm extractEntry
764 silly gunzTarPerm modified mode [ '', 511, 493 ]
765 silly gunzTarPerm extractEntry
766 silly gunzTarPerm modified mode [ '', 511, 493 ]
767 silly gunzTarPerm extractEntry
768 silly gunzTarPerm modified mode [ '', 511, 493 ]
769 silly gunzTarPerm extractEntry
770 silly gunzTarPerm modified mode [ '', 511, 493 ]
771 silly gunzTarPerm extractEntry
772 silly gunzTarPerm modified mode [ '', 511, 493 ]
773 silly gunzTarPerm extractEntry
774 silly gunzTarPerm modified mode [ '', 511, 493 ]
775 silly gunzTarPerm extractEntry
776 silly gunzTarPerm modified mode [ '', 511, 493 ]
777 silly gunzTarPerm extractEntry
778 silly gunzTarPerm modified mode [ '', 511, 493 ]
779 silly gunzTarPerm extractEntry
780 silly gunzTarPerm modified mode [ '', 511, 493 ]
781 silly gunzTarPerm extractEntry
782 silly gunzTarPerm modified mode [ '', 511, 493 ]
783 verbose unlock done using /home/labber/.npm/_locks/staging-c59e5dce5dc399d6.lock for /home/labber/dev/web_developer_bootcamp_00/33_FirstApp/node_modules/.staging
784 silly rollbackFailedOptional Starting
785 silly rollbackFailedOptional Finishing
786 silly runTopLevelLifecycles Starting
787 silly runTopLevelLifecycles Finishing
788 silly install printInstalled
789 warn firstapp@1.0.0 No description
790 warn firstapp@1.0.0 No repository field.
791 verbose stack Error: ENOTDIR: not a directory, open '/home/labber/dev/web_developer_bootcamp_00/33_FirstApp/node_modules/.staging/@types/serve-static-2bb7b317/package.json'
792 verbose cwd /home/labber/dev/web_developer_bootcamp_00/33_FirstApp
793 error Linux 5.10.16.3-microsoft-standard-WSL2
794 error argv "/usr/bin/node" "/usr/bin/npm" "install" "--ignore-scripts" "@types/express" "--save-dev" "--user-agent=typesInstaller/4.7.3"
795 error node v8.10.0
796 error npm  v3.5.2
797 error path /home/labber/dev/web_developer_bootcamp_00/33_FirstApp/node_modules/.staging/@types/serve-static-2bb7b317/package.json
798 error code ENOTDIR
799 error errno -20
800 error syscall open
801 error ENOTDIR: not a directory, open '/home/labber/dev/web_developer_bootcamp_00/33_FirstApp/node_modules/.staging/@types/serve-static-2bb7b317/package.json'
802 error If you need help, you may report this error at:
802 error     <https://github.com/npm/npm/issues>
803 verbose exit [ -20, true ]
